<?xml version="1.0" encoding="UTF-8"?>
<testng-results ignored="0" total="1" passed="1" failed="0" skipped="0">
  <reporter-output>
    <line>
      <![CDATA[Test1]]>
    </line>
  </reporter-output>
  <suite started-at="2024-08-24T17:52:27 IST" name="Default suite" finished-at="2024-08-24T17:52:27 IST" duration-ms="48">
    <groups>
    </groups>
    <test started-at="2024-08-24T17:52:27 IST" name="Default test" finished-at="2024-08-24T17:52:27 IST" duration-ms="48">
      <class name="scripts.Test1">
        <test-method signature="demo()[pri:0, instance:scripts.Test1@3f6b0be5]" started-at="2024-08-24T17:52:27 IST" name="demo" finished-at="2024-08-24T17:52:27 IST" duration-ms="8" status="PASS">
          <reporter-output>
            <line>
              <![CDATA[Test1]]>
            </line>
          </reporter-output>
        </test-method> <!-- demo -->
      </class> <!-- scripts.Test1 -->
    </test> <!-- Default test -->
  </suite> <!-- Default suite -->
</testng-results>
